Process ForkPoolWorker-1:
Process ForkPoolWorker-2:
Traceback (most recent call last):
Traceback (most recent call last):
  File "/home/bcheng/workspace/tools/anaconda3/envs/cvxpy/lib/python3.12/multiprocessing/process.py", line 314, in _bootstrap
    self.run()
  File "/home/bcheng/workspace/tools/anaconda3/envs/cvxpy/lib/python3.12/multiprocessing/process.py", line 108, in run
    self._target(*self._args, **self._kwargs)
  File "/home/bcheng/workspace/tools/anaconda3/envs/cvxpy/lib/python3.12/multiprocessing/pool.py", line 114, in worker
    task = get()
           ^^^^^
  File "/home/bcheng/workspace/tools/anaconda3/envs/cvxpy/lib/python3.12/multiprocessing/queues.py", line 389, in get
    return _ForkingPickler.loads(res)
           ^^^^^^^^^^^^^^^^^^^^^^^^^^
AttributeError: Can't get attribute 'prox' on <module '__main__' from '/home/bcheng/workspace/dev/cvxpy/ex4/main.py'>
  File "/home/bcheng/workspace/tools/anaconda3/envs/cvxpy/lib/python3.12/multiprocessing/process.py", line 314, in _bootstrap
    self.run()
  File "/home/bcheng/workspace/tools/anaconda3/envs/cvxpy/lib/python3.12/multiprocessing/process.py", line 108, in run
    self._target(*self._args, **self._kwargs)
  File "/home/bcheng/workspace/tools/anaconda3/envs/cvxpy/lib/python3.12/multiprocessing/pool.py", line 114, in worker
    task = get()
           ^^^^^
  File "/home/bcheng/workspace/tools/anaconda3/envs/cvxpy/lib/python3.12/multiprocessing/queues.py", line 389, in get
    return _ForkingPickler.loads(res)
           ^^^^^^^^^^^^^^^^^^^^^^^^^^
AttributeError: Can't get attribute 'prox' on <module '__main__' from '/home/bcheng/workspace/dev/cvxpy/ex4/main.py'>
Process ForkPoolWorker-4:
Process ForkPoolWorker-5:
Process ForkPoolWorker-6:
Process ForkPoolWorker-3:
Traceback (most recent call last):
  File "/home/bcheng/workspace/dev/cvxpy/ex4/main.py", line 36, in <module>
    xi = pool.map(prox, zip(funcs, prox_args))
         ^^^^^^^^^^^^^^^^^^^^^^^^^^^^^^^^^^^^^
  File "/home/bcheng/workspace/tools/anaconda3/envs/cvxpy/lib/python3.12/multiprocessing/pool.py", line 367, in map
    return self._map_async(func, iterable, mapstar, chunksize).get()
           ^^^^^^^^^^^^^^^^^^^^^^^^^^^^^^^^^^^^^^^^^^^^^^^^^^^^^^^^^
  File "/home/bcheng/workspace/tools/anaconda3/envs/cvxpy/lib/python3.12/multiprocessing/pool.py", line 768, in get
Traceback (most recent call last):
Traceback (most recent call last):
    self.wait(timeout)
  File "/home/bcheng/workspace/tools/anaconda3/envs/cvxpy/lib/python3.12/multiprocessing/pool.py", line 765, in wait
  File "/home/bcheng/workspace/tools/anaconda3/envs/cvxpy/lib/python3.12/multiprocessing/process.py", line 314, in _bootstrap
    self.run()
  File "/home/bcheng/workspace/tools/anaconda3/envs/cvxpy/lib/python3.12/multiprocessing/process.py", line 108, in run
    self._target(*self._args, **self._kwargs)
  File "/home/bcheng/workspace/tools/anaconda3/envs/cvxpy/lib/python3.12/multiprocessing/pool.py", line 114, in worker
    task = get()
           ^^^^^
  File "/home/bcheng/workspace/tools/anaconda3/envs/cvxpy/lib/python3.12/multiprocessing/queues.py", line 386, in get
    with self._rlock:
  File "/home/bcheng/workspace/tools/anaconda3/envs/cvxpy/lib/python3.12/multiprocessing/synchronize.py", line 95, in __enter__
    return self._semlock.__enter__()
           ^^^^^^^^^^^^^^^^^^^^^^^^^
KeyboardInterrupt
Traceback (most recent call last):
    self._event.wait(timeout)
  File "/home/bcheng/workspace/tools/anaconda3/envs/cvxpy/lib/python3.12/threading.py", line 655, in wait
  File "/home/bcheng/workspace/tools/anaconda3/envs/cvxpy/lib/python3.12/multiprocessing/process.py", line 314, in _bootstrap
    self.run()
  File "/home/bcheng/workspace/tools/anaconda3/envs/cvxpy/lib/python3.12/multiprocessing/process.py", line 108, in run
    self._target(*self._args, **self._kwargs)
  File "/home/bcheng/workspace/tools/anaconda3/envs/cvxpy/lib/python3.12/multiprocessing/pool.py", line 114, in worker
    task = get()
           ^^^^^
  File "/home/bcheng/workspace/tools/anaconda3/envs/cvxpy/lib/python3.12/multiprocessing/queues.py", line 387, in get
    res = self._reader.recv_bytes()
          ^^^^^^^^^^^^^^^^^^^^^^^^^
  File "/home/bcheng/workspace/tools/anaconda3/envs/cvxpy/lib/python3.12/multiprocessing/connection.py", line 216, in recv_bytes
    buf = self._recv_bytes(maxlength)
          ^^^^^^^^^^^^^^^^^^^^^^^^^^^
  File "/home/bcheng/workspace/tools/anaconda3/envs/cvxpy/lib/python3.12/multiprocessing/connection.py", line 430, in _recv_bytes
    buf = self._recv(4)
          ^^^^^^^^^^^^^
  File "/home/bcheng/workspace/tools/anaconda3/envs/cvxpy/lib/python3.12/multiprocessing/connection.py", line 395, in _recv
    chunk = read(handle, remaining)
            ^^^^^^^^^^^^^^^^^^^^^^^
Traceback (most recent call last):
KeyboardInterrupt
    signaled = self._cond.wait(timeout)
               ^^^^^^^^^^^^^^^^^^^^^^^^
  File "/home/bcheng/workspace/tools/anaconda3/envs/cvxpy/lib/python3.12/threading.py", line 355, in wait
    waiter.acquire()
  File "/home/bcheng/workspace/tools/anaconda3/envs/cvxpy/lib/python3.12/multiprocessing/process.py", line 314, in _bootstrap
    self.run()
  File "/home/bcheng/workspace/tools/anaconda3/envs/cvxpy/lib/python3.12/multiprocessing/process.py", line 108, in run
    self._target(*self._args, **self._kwargs)
KeyboardInterrupt
  File "/home/bcheng/workspace/tools/anaconda3/envs/cvxpy/lib/python3.12/multiprocessing/pool.py", line 114, in worker
    task = get()
           ^^^^^
  File "/home/bcheng/workspace/tools/anaconda3/envs/cvxpy/lib/python3.12/multiprocessing/queues.py", line 386, in get
    with self._rlock:
  File "/home/bcheng/workspace/tools/anaconda3/envs/cvxpy/lib/python3.12/multiprocessing/synchronize.py", line 95, in __enter__
    return self._semlock.__enter__()
           ^^^^^^^^^^^^^^^^^^^^^^^^^
KeyboardInterrupt
  File "/home/bcheng/workspace/tools/anaconda3/envs/cvxpy/lib/python3.12/multiprocessing/process.py", line 314, in _bootstrap
    self.run()
  File "/home/bcheng/workspace/tools/anaconda3/envs/cvxpy/lib/python3.12/multiprocessing/process.py", line 108, in run
    self._target(*self._args, **self._kwargs)
  File "/home/bcheng/workspace/tools/anaconda3/envs/cvxpy/lib/python3.12/multiprocessing/pool.py", line 114, in worker
    task = get()
           ^^^^^
  File "/home/bcheng/workspace/tools/anaconda3/envs/cvxpy/lib/python3.12/multiprocessing/queues.py", line 386, in get
    with self._rlock:
  File "/home/bcheng/workspace/tools/anaconda3/envs/cvxpy/lib/python3.12/multiprocessing/synchronize.py", line 95, in __enter__
    return self._semlock.__enter__()
           ^^^^^^^^^^^^^^^^^^^^^^^^^
KeyboardInterrupt
