idx: 0, loss: 39.21715446507348
idx: 1, loss: 27.2930345474921
idx: 2, loss: 24.86454656678163
idx: 3, loss: 23.823437464046922
idx: 4, loss: 22.16572213392359
idx: 5, loss: 21.394704181383464
idx: 6, loss: 21.2023464006256
idx: 7, loss: 21.00533424470725
idx: 8, loss: 20.813803209020755
idx: 9, loss: 20.74451838581239
idx: 10, loss: 20.737550681466722
idx: 11, loss: 20.73258295167386
idx: 12, loss: 20.718185846199383
idx: 13, loss: 20.70978140690766
idx: 14, loss: 20.708118328613942
idx: 15, loss: 20.70498234124668
idx: 16, loss: 20.701895761628222
idx: 17, loss: 20.70131787006897
idx: 18, loss: 20.698589933467225
idx: 19, loss: 20.69395050573682
idx: 20, loss: 20.690748695486743
idx: 21, loss: 20.690094836163105
idx: 22, loss: 20.690059576909203
idx: 23, loss: 20.68900476889356
idx: 24, loss: 20.688509980386932
idx: 25, loss: 20.688472861245877
idx: 26, loss: 20.688009038797635
idx: 27, loss: 20.687633866201214
idx: 28, loss: 20.68762480827967
idx: 29, loss: 20.687649871248347
idx: 30, loss: 20.687605778113454
idx: 31, loss: 20.687374111057093
idx: 32, loss: 20.68692327616909
idx: 33, loss: 20.68682944046492
idx: 34, loss: 20.686862573018015
idx: 35, loss: 20.68684612358116
idx: 36, loss: 20.686818306766753
idx: 37, loss: 20.68681295502156
idx: 38, loss: 20.686815228311495
idx: 39, loss: 20.68681384663984
idx: 40, loss: 20.68681117283444
idx: 41, loss: 20.686809589702985
idx: 42, loss: 20.686808465505447
idx: 43, loss: 20.686807240248
idx: 44, loss: 20.6868060749534
idx: 45, loss: 20.686805073407477
idx: 46, loss: 20.686804141921915
idx: 47, loss: 20.686803207559386
idx: 48, loss: 20.68680226660814
idx: 49, loss: 20.686801330112438
ADMM best 20.686801330112438
ECOS best 20.68674564359163
Problem Data:  {'param_prob': <cvxpy.reductions.dcp2cone.cone_matrix_stuffing.ParamConeProg object at 0x7615c223cc20>, 'dims': (zero: 100, nonneg: 151, exp: 0, soc: [], psd: [], p3d: []), 'P': <251x251 sparse matrix of type '<class 'numpy.float64'>'
	with 100 stored elements in Compressed Sparse Column format>, 'c': array([0. , 0. , 0. , 0. , 0. , 0. , 0. , 0. , 0. , 0. , 0. , 0. , 0. ,
       0. , 0. , 0. , 0. , 0. , 0. , 0. , 0. , 0. , 0. , 0. , 0. , 0. ,
       0. , 0. , 0. , 0. , 0. , 0. , 0. , 0. , 0. , 0. , 0. , 0. , 0. ,
       0. , 0. , 0. , 0. , 0. , 0. , 0. , 0. , 0. , 0. , 0. , 0. , 0. ,
       0. , 0. , 0. , 0. , 0. , 0. , 0. , 0. , 0. , 0. , 0. , 0. , 0. ,
       0. , 0. , 0. , 0. , 0. , 0. , 0. , 0. , 0. , 0. , 0. , 0. , 0. ,
       0. , 0. , 0. , 0. , 0. , 0. , 0. , 0. , 0. , 0. , 0. , 0. , 0. ,
       0. , 0. , 0. , 0. , 0. , 0. , 0. , 0. , 0. , 0.1, 0. , 0. , 0. ,
       0. , 0. , 0. , 0. , 0. , 0. , 0. , 0. , 0. , 0. , 0. , 0. , 0. ,
       0. , 0. , 0. , 0. , 0. , 0. , 0. , 0. , 0. , 0. , 0. , 0. , 0. ,
       0. , 0. , 0. , 0. , 0. , 0. , 0. , 0. , 0. , 0. , 0. , 0. , 0. ,
       0. , 0. , 0. , 0. , 0. , 0. , 0. , 0. , 0. , 0. , 0. , 0. , 0. ,
       0. , 0. , 0. , 0. , 0. , 0. , 0. , 0. , 0. , 0. , 0. , 0. , 0. ,
       0. , 0. , 0. , 0. , 0. , 0. , 0. , 0. , 0. , 0. , 0. , 0. , 0. ,
       0. , 0. , 0. , 0. , 0. , 0. , 0. , 0. , 0. , 0. , 0. , 0. , 0. ,
       0. , 0. , 0. , 0. , 0. , 0. , 0. , 0. , 0. , 0. , 0. , 0. , 0. ,
       0. , 0. , 0. , 0. , 0. , 0. , 0. , 0. , 0. , 0. , 0. , 0. , 0. ,
       0. , 0. , 0. , 0. , 0. , 0. , 0. , 0. , 0. , 0. , 0. , 0. , 0. ,
       0. , 0. , 0. , 0. , 0. , 0. , 0. , 0. , 0. , 0. , 0. , 0. , 0. ,
       0. , 0. , 0. , 0. ]), 'A': <251x251 sparse matrix of type '<class 'numpy.float64'>'
	with 7976 stored elements in Compressed Sparse Column format>, 'b': array([-0.40650099, -0.40253666, -0.03259915, -0.46762498, -2.7039934 ,
       -0.40538702, -0.83590156,  0.12583451, -0.75456258, -0.08355685,
       -0.35385717, -0.00938234,  0.33356969, -1.00543636,  0.95974692,
        1.62990052,  1.10850759,  0.73232045,  0.34637822, -0.55048431,
       -0.36187177,  0.25346712, -0.21102753, -0.0057768 ,  0.98666429,
        0.34606769, -0.34169586,  1.42708241, -0.36065149, -0.1031575 ,
       -2.20549407,  0.11574763,  0.33386276, -0.82325139,  0.45729798,
       -0.5110327 ,  0.8682005 , -1.06063319,  1.42893059,  0.84686362,
        0.02695168, -1.6687232 , -1.04276861, -0.51491179,  0.87372453,
       -0.05192687,  1.96143997,  1.01813869, -0.59169646,  0.06405004,
       -0.34134777,  1.67274741,  0.73205266,  0.4262529 ,  0.80338887,
        0.44623403, -0.89920128, -0.02848263, -1.19265977, -0.46924446,
        0.77329776,  1.04302274,  1.45874703,  0.43153347, -1.41161517,
       -1.40959504, -0.43668408,  1.83299625, -0.39755999,  0.35903081,
       -1.76370695,  1.25348683, -0.82356677, -0.84787539, -0.82720859,
        1.17818824,  0.25657947, -0.17222175,  0.99383684, -2.41856233,
       -1.30808413, -0.62881748, -0.11869564,  0.13533394,  0.39959965,
        0.03251366,  0.33546485, -1.16536165, -0.24917512,  0.14908867,
        1.43116453, -0.23183265,  0.9411787 ,  1.16895233,  0.44941232,
        1.45980234, -0.88930012, -2.10284376, -0.92145976, -1.25869655,
        0.        ,  0.        ,  0.        ,  0.        ,  0.        ,
        0.        ,  0.        ,  0.        ,  0.        ,  0.        ,
        0.        ,  0.        ,  0.        ,  0.        ,  0.        ,
        0.        ,  0.        ,  0.        ,  0.        ,  0.        ,
        0.        ,  0.        ,  0.        ,  0.        ,  0.        ,
        0.        ,  0.        ,  0.        ,  0.        ,  0.        ,
        0.        ,  0.        ,  0.        ,  0.        ,  0.        ,
        0.        ,  0.        ,  0.        ,  0.        ,  0.        ,
        0.        ,  0.        ,  0.        ,  0.        ,  0.        ,
        0.        ,  0.        ,  0.        ,  0.        ,  0.        ,
        0.        ,  0.        ,  0.        ,  0.        ,  0.        ,
        0.        ,  0.        ,  0.        ,  0.        ,  0.        ,
        0.        ,  0.        ,  0.        ,  0.        ,  0.        ,
        0.        ,  0.        ,  0.        ,  0.        ,  0.        ,
        0.        ,  0.        ,  0.        ,  0.        ,  0.        ,
        0.        ,  0.        ,  0.        ,  0.        ,  0.        ,
        0.        ,  0.        ,  0.        ,  0.        ,  0.        ,
        0.        ,  0.        ,  0.        ,  0.        ,  0.        ,
        0.        ,  0.        ,  0.        ,  0.        ,  0.        ,
        0.        ,  0.        ,  0.        ,  0.        ,  0.        ,
        0.        ,  0.        ,  0.        ,  0.        ,  0.        ,
        0.        ,  0.        ,  0.        ,  0.        ,  0.        ,
        0.        ,  0.        ,  0.        ,  0.        ,  0.        ,
        0.        ,  0.        ,  0.        ,  0.        ,  0.        ,
        0.        ,  0.        ,  0.        ,  0.        ,  0.        ,
        0.        ,  0.        ,  0.        ,  0.        ,  0.        ,
        0.        ,  0.        ,  0.        ,  0.        ,  0.        ,
        0.        ,  0.        ,  0.        ,  0.        ,  0.        ,
        0.        ,  0.        ,  0.        ,  0.        ,  0.        ,
        0.        ,  0.        ,  0.        ,  0.        ,  0.        ,
        0.        ])}
Problem Chain:  [<cvxpy.reductions.dcp2cone.dcp2cone.Dcp2Cone object at 0x7615c1ef6cf0>, <cvxpy.reductions.cvx_attr2constr.CvxAttr2Constr object at 0x7615c1ef6690>, <cvxpy.reductions.dcp2cone.cone_matrix_stuffing.ConeMatrixStuffing object at 0x7615c13f61e0>, <cvxpy.reductions.solvers.conic_solvers.scs_conif.SCS object at 0x7615c10be300>]
Inverse Data:  [<cvxpy.reductions.inverse_data.InverseData object at 0x7615c2054aa0>, (), <cvxpy.reductions.inverse_data.InverseData object at 0x7615c18a13d0>, {'var_id': 330, 'dims': (zero: 100, nonneg: 151, exp: 0, soc: [], psd: [], p3d: []), 'eq_constr': [Zero(Expression(AFFINE, UNKNOWN, (100, 1)))], 'other_constr': [NonNeg(Expression(AFFINE, UNKNOWN, (75, 1))), NonNeg(Expression(AFFINE, UNKNOWN, (75, 1))), NonNeg(Expression(AFFINE, UNKNOWN, (1,)))], 'offset': array(0.)}]
